<?xml version="1.0" encoding="UTF-8"?>
<!-- Generated by org.testng.reporters.JUnitXMLReporter -->
<testsuite ignored="3" hostname="LAPTOP-ERM50F7V" failures="0" tests="1" name="Default test" time="71.735" errors="0" timestamp="2024-04-21T12:42:05 IST">
  <testcase classname="com.in.ExcelrFirst.Project.Login" name="loginalluserwithdatadriven" time="62.313"/>
  <testcase classname="com.in.ExcelrFirst.Project.Login" name="loginWithvalidCredentials" time="0.0">
    <ignored/>
  </testcase> <!-- loginWithvalidCredentials -->
  <testcase classname="com.in.ExcelrFirst.Project.Login" name="loginWithInvalidpasword" time="0.0">
    <ignored/>
  </testcase> <!-- loginWithInvalidpasword -->
  <testcase classname="com.in.ExcelrFirst.Project.Login" name="loginWithInvalidusername" time="0.0">
    <ignored/>
  </testcase> <!-- loginWithInvalidusername -->
</testsuite> <!-- Default test -->
