<?xml version="1.0" encoding="UTF-8"?>
<!-- Generated by org.testng.reporters.JUnitXMLReporter -->
<testsuite ignored="0" hostname="LAPTOP-ERM50F7V" failures="0" tests="16" name="Test" time="61.173" errors="0" timestamp="2024-04-20T14:24:32 IST">
  <testcase classname="com.in.ExcelrFirst.Project.Login" name="loginWithInvalidpasword" time="0.714"/>
  <testcase classname="com.in.ExcelrFirst.Project.Login" name="loginWithInvalidusername" time="0.589"/>
  <testcase classname="com.in.ExcelrFirst.Project.Login" name="loginWithvalidCredentials" time="0.6"/>
  <testcase classname="com.in.ExcelrFirst.Project.product" name="addproducttocart" time="0.645"/>
  <testcase classname="com.in.ExcelrFirst.Project.product" name="afertaddproducttocartcountincrease" time="0.756"/>
  <testcase classname="com.in.ExcelrFirst.Project.product" name="cartpage" time="0.894"/>
  <testcase classname="com.in.ExcelrFirst.Project.product" name="cartpagecontinue" time="1.133"/>
  <testcase classname="com.in.ExcelrFirst.Project.product" name="cartpagelandingchackout" time="1.112"/>
  <testcase classname="com.in.ExcelrFirst.Project.product" name="cartpageproductremove" time="0.845"/>
  <testcase classname="com.in.ExcelrFirst.Project.product" name="cartproductcancel" time="1.35"/>
  <testcase classname="com.in.ExcelrFirst.Project.product" name="chackoutinforback" time="1.999"/>
  <testcase classname="com.in.ExcelrFirst.Project.product" name="chackoutinformation" time="1.983"/>
  <testcase classname="com.in.ExcelrFirst.Project.product" name="chackoutinformationcancel" time="1.976"/>
  <testcase classname="com.in.ExcelrFirst.Project.product" name="chackoutinformationfinish" time="1.927"/>
  <testcase classname="com.in.ExcelrFirst.Project.product" name="logout" time="2.22"/>
  <testcase classname="com.in.ExcelrFirst.Project.product" name="removeproducttocart" time="3.901"/>
</testsuite> <!-- Test -->
