<?xml version="1.0" encoding="UTF-8"?>
<testng-results ignored="3" total="4" passed="1" failed="0" skipped="0">
  <reporter-output>
  </reporter-output>
  <suite started-at="2024-04-21T12:40:53 IST" name="Default suite" finished-at="2024-04-21T12:42:05 IST" duration-ms="71735">
    <groups>
    </groups>
    <test started-at="2024-04-21T12:40:53 IST" name="Default test" finished-at="2024-04-21T12:42:05 IST" duration-ms="71735">
      <class name="com.in.ExcelrFirst.Project.Login">
        <test-method is-config="true" signature="setup()[pri:0, instance:com.in.ExcelrFirst.Project.Login@384ad17b]" started-at="2024-04-21T12:40:53 IST" name="setup" finished-at="2024-04-21T12:41:02 IST" duration-ms="9129" status="PASS">
          <reporter-output>
          </reporter-output>
        </test-method> <!-- setup -->
        <test-method signature="loginalluserwithdatadriven()[pri:0, instance:com.in.ExcelrFirst.Project.Login@384ad17b]" started-at="2024-04-21T12:41:02 IST" name="loginalluserwithdatadriven" finished-at="2024-04-21T12:42:05 IST" duration-ms="62313" status="PASS">
          <reporter-output>
          </reporter-output>
        </test-method> <!-- loginalluserwithdatadriven -->
        <test-method is-config="true" signature="closewindow()[pri:0, instance:com.in.ExcelrFirst.Project.Login@384ad17b]" started-at="2024-04-21T12:42:05 IST" name="closewindow" finished-at="2024-04-21T12:42:05 IST" duration-ms="227" status="PASS">
          <reporter-output>
          </reporter-output>
        </test-method> <!-- closewindow -->
      </class> <!-- com.in.ExcelrFirst.Project.Login -->
    </test> <!-- Default test -->
  </suite> <!-- Default suite -->
</testng-results>
